sceneform-android-sdk-1.16.0-/samples/gltf/app/build/outputs/logs/manifest-merger-debug-report.txt
-- Merging decision tree log ---
manifest
ADDED from src/main/AndroidManifest.xml:16:1-84:12
INJECTED from src/main/AndroidManifest.xml:16:1-84:12
INJECTED from src/main/AndroidManifest.xml:16:1-84:12
INJECTED from src/main/AndroidManifest.xml:16:1-84:12
MERGED from [:sceneformux] AndroidManifest.xml:17:1-26:12
MERGED from [:sceneform] AndroidManifest.xml:2:1-11:12
MERGED from [com.android.support:design:28.0.0] AndroidManifest.xml:17:1-24:12
MERGED from [com.android.support:appcompat-v7:28.0.0] AndroidManifest.xml:17:1-22:12
MERGED from [com.android.support:cardview-v7:28.0.0] AndroidManifest.xml:17:1-22:12
MERGED from [com.android.support:support-fragment:28.0.0] AndroidManifest.xml:17:1-22:12
MERGED from [com.android.support:animated-vector-drawable:28.0.0] AndroidManifest.xml:17:1-22:12
MERGED from [com.android.support:recyclerview-v7:28.0.0] AndroidManifest.xml:17:1-22:12
MERGED from [com.android.support:support-core-ui:28.0.0] AndroidManifest.xml:17:1-22:12
MERGED from [com.android.support:support-core-utils:28.0.0] AndroidManifest.xml:17:1-22:12
MERGED from [com.android.support:support-vector-drawable:28.0.0] AndroidManifest.xml:17:1-22:12
MERGED from [com.android.support:transition:28.0.0] AndroidManifest.xml:17:1-22:12
MERGED from [com.android.support:loader:28.0.0] AndroidManifest.xml:17:1-22:12
MERGED from [com.android.support:viewpager:28.0.0] AndroidManifest.xml:17:1-22:12
MERGED from [com.android.support:coordinatorlayout:28.0.0] AndroidManifest.xml:17:1-22:12
MERGED from [com.android.support:drawerlayout:28.0.0] AndroidManifest.xml:17:1-22:12
MERGED from [com.android.support:slidingpanelayout:28.0.0] AndroidManifest.xml:17:1-22:12
MERGED from [com.android.support:customview:28.0.0] AndroidManifest.xml:17:1-22:12
MERGED from [com.android.support:swiperefreshlayout:28.0.0] AndroidManifest.xml:17:1-22:12
MERGED from [com.android.support:asynclayoutinflater:28.0.0] AndroidManifest.xml:17:1-22:12
MERGED from [com.android.support:support-compat:28.0.0] AndroidManifest.xml:17:1-24:12
MERGED from [com.android.support:versionedparcelable:28.0.0] AndroidManifest.xml:17:1-25:12
MERGED from [com.android.support:cursoradapter:28.0.0] AndroidManifest.xml:17:1-22:12
MERGED from [android.arch.lifecycle:runtime:1.1.1] AndroidManifest.xml:17:1-22:12
MERGED from [com.android.support:documentfile:28.0.0] AndroidManifest.xml:17:1-22:12
MERGED from [com.android.support:localbroadcastmanager:28.0.0] AndroidManifest.xml:17:1-22:12
MERGED from [com.android.support:print:28.0.0] AndroidManifest.xml:17:1-22:12
MERGED from [android.arch.lifecycle:viewmodel:1.1.1] AndroidManifest.xml:17:1-22:12
MERGED from [com.android.support:interpolator:28.0.0] AndroidManifest.xml:17:1-22:12
MERGED from [android.arch.lifecycle:livedata:1.1.1] AndroidManifest.xml:17:1-22:12
MERGED from [android.arch.lifecycle:livedata-core:1.1.1] AndroidManifest.xml:17:1-22:12
MERGED from [android.arch.core:runtime:1.1.1] AndroidManifest.xml:17:1-22:12
MERGED from [com.google.android.filament:gltfio-android:1.4.5] AndroidManifest.xml:17:1-24:12
MERGED from [com.google.android.filament:filament-android:1.4.5] AndroidManifest.xml:2:1-9:12
MERGED from [com.google.ar:core:1.16.0] AndroidManifest.xml:17:1-46:12
INJECTED from src/main/AndroidManifest.xml:16:1-84:12
INJECTED from src/main/AndroidManifest.xml:16:1-84:12
INJECTED from src/main/AndroidManifest.xml:16:1-84:12
	package
		ADDED from src/main/AndroidManifest.xml:18:5-51
		INJECTED from src/main/AndroidManifest.xml
		INJECTED from src/main/AndroidManifest.xml
	android:versionName
		INJECTED from src/main/AndroidManifest.xml
		ADDED from src/main/AndroidManifest.xml:16:1-84:12
		INJECTED from src/main/AndroidManifest.xml
	xmlns:tools
		ADDED from src/main/AndroidManifest.xml:17:5-51
	android:versionCode
		INJECTED from src/main/AndroidManifest.xml
		ADDED from src/main/AndroidManifest.xml:16:1-84:12
		INJECTED from src/main/AndroidManifest.xml
	xmlns:android
		ADDED from src/main/AndroidManifest.xml:16:11-69
uses-permission#android.permission.CAMERA
ADDED from src/main/AndroidManifest.xml:23:5-65
	android:name
		ADDED from src/main/AndroidManifest.xml:23:22-62
uses-permission#android.permission.INTERNET
ADDED from src/main/AndroidManifest.xml:26:5-67
	android:name
		ADDED from src/main/AndroidManifest.xml:26:22-64
uses-feature#0x00030000
ADDED from src/main/AndroidManifest.xml:28:5-78
	android:glEsVersion
		ADDED from src/main/AndroidManifest.xml:28:19-51
	android:required
		ADDED from src/main/AndroidManifest.xml:28:52-75
uses-feature#android.hardware.camera.ar
ADDED from src/main/AndroidManifest.xml:32:5-86
	android:required
		ADDED from src/main/AndroidManifest.xml:32:61-84
	android:name
		ADDED from src/main/AndroidManifest.xml:32:19-60
application
ADDED from src/main/AndroidManifest.xml:34:5-83:19
MERGED from [com.android.support:design:28.0.0] AndroidManifest.xml:22:5-20
MERGED from [com.android.support:design:28.0.0] AndroidManifest.xml:22:5-20
MERGED from [com.android.support:support-compat:28.0.0] AndroidManifest.xml:22:5-94
MERGED from [com.android.support:support-compat:28.0.0] AndroidManifest.xml:22:5-94
MERGED from [com.android.support:versionedparcelable:28.0.0] AndroidManifest.xml:22:5-23:19
MERGED from [com.android.support:versionedparcelable:28.0.0] AndroidManifest.xml:22:5-23:19
MERGED from [com.google.ar:core:1.16.0] AndroidManifest.xml:30:5-44:19
MERGED from [com.google.ar:core:1.16.0] AndroidManifest.xml:30:5-44:19
	android:appComponentFactory
		ADDED from [com.android.support:support-compat:28.0.0] AndroidManifest.xml:22:18-91
	android:label
		ADDED from src/main/AndroidManifest.xml:37:9-41
	tools:ignore
		ADDED from src/main/AndroidManifest.xml:40:9-48
	android:icon
		ADDED from src/main/AndroidManifest.xml:36:9-45
	android:allowBackup
		ADDED from src/main/AndroidManifest.xml:35:9-36
	android:theme
		ADDED from src/main/AndroidManifest.xml:38:9-40
	android:usesCleartextTraffic
		ADDED from src/main/AndroidManifest.xml:39:9-45
meta-data#com.google.ar.core
ADDED from src/main/AndroidManifest.xml:44:9-81
	android:value
		ADDED from src/main/AndroidManifest.xml:44:54-78
	android:name
		ADDED from src/main/AndroidManifest.xml:44:20-53
activity#com.google.ar.sceneform.samples.gltf.LearnPage
ADDED from src/main/AndroidManifest.xml:46:9-57:20
	android:screenOrientation
		ADDED from src/main/AndroidManifest.xml:51:13-47
	android:label
		ADDED from src/main/AndroidManifest.xml:48:13-39
	android:exported
		ADDED from src/main/AndroidManifest.xml:52:13-36
	android:configChanges
		ADDED from src/main/AndroidManifest.xml:49:13-59
	android:theme
		ADDED from src/main/AndroidManifest.xml:50:13-87
	android:name
		ADDED from src/main/AndroidManifest.xml:47:13-38
intent-filter#action:name:android.intent.action.MAIN+category:name:android.intent.category.LAUNCHER
ADDED from src/main/AndroidManifest.xml:53:13-56:29
action#android.intent.action.MAIN
ADDED from src/main/AndroidManifest.xml:54:17-69
	android:name
		ADDED from src/main/AndroidManifest.xml:54:25-66
category#android.intent.category.LAUNCHER
ADDED from src/main/AndroidManifest.xml:55:17-77
	android:name
		ADDED from src/main/AndroidManifest.xml:55:27-74
activity#com.google.ar.sceneform.samples.gltf.Class1
ADDED from src/main/AndroidManifest.xml:58:9-62:15
	android:screenOrientation
		ADDED from src/main/AndroidManifest.xml:61:13-47
	android:label
		ADDED from src/main/AndroidManifest.xml:59:13-36
	android:theme
		ADDED from src/main/AndroidManifest.xml:60:13-87
	android:name
		ADDED from src/main/AndroidManifest.xml:58:19-41
activity#com.google.ar.sceneform.samples.gltf.Class2
ADDED from src/main/AndroidManifest.xml:63:9-67:15
	android:screenOrientation
		ADDED from src/main/AndroidManifest.xml:66:13-47
	android:label
		ADDED from src/main/AndroidManifest.xml:64:13-36
	android:theme
		ADDED from src/main/AndroidManifest.xml:65:13-87
	android:name
		ADDED from src/main/AndroidManifest.xml:63:19-41
activity#com.google.ar.sceneform.samples.gltf.Class3
ADDED from src/main/AndroidManifest.xml:68:9-72:15
	android:screenOrientation
		ADDED from src/main/AndroidManifest.xml:71:13-47
	android:label
		ADDED from src/main/AndroidManifest.xml:69:13-36
	android:theme
		ADDED from src/main/AndroidManifest.xml:70:13-87
	android:name
		ADDED from src/main/AndroidManifest.xml:68:19-41
activity#com.google.ar.sceneform.samples.gltf.Class4
ADDED from src/main/AndroidManifest.xml:73:9-77:15
	android:screenOrientation
		ADDED from src/main/AndroidManifest.xml:76:13-47
	android:label
		ADDED from src/main/AndroidManifest.xml:74:13-36
	android:theme
		ADDED from src/main/AndroidManifest.xml:75:13-87
	android:name
		ADDED from src/main/AndroidManifest.xml:73:19-41
activity#com.google.ar.sceneform.samples.gltf.GltfActivity
ADDED from src/main/AndroidManifest.xml:78:9-82:15
	android:screenOrientation
		ADDED from src/main/AndroidManifest.xml:81:13-47
	android:label
		ADDED from src/main/AndroidManifest.xml:79:13-36
	android:theme
		ADDED from src/main/AndroidManifest.xml:80:13-87
	android:name
		ADDED from src/main/AndroidManifest.xml:78:19-47
uses-sdk
INJECTED from src/main/AndroidManifest.xml reason: use-sdk injection requested
INJECTED from src/main/AndroidManifest.xml
INJECTED from src/main/AndroidManifest.xml
MERGED from [:sceneformux] AndroidManifest.xml:22:5-24:41
MERGED from [:sceneformux] AndroidManifest.xml:22:5-24:41
MERGED from [:sceneform] AndroidManifest.xml:7:5-9:41
MERGED from [:sceneform] AndroidManifest.xml:7:5-9:41
MERGED from [com.android.support:design:28.0.0] AndroidManifest.xml:20:5-44
MERGED from [com.android.support:design:28.0.0] AndroidManifest.xml:20:5-44
MERGED from [com.android.support:appcompat-v7:28.0.0] AndroidManifest.xml:20:5-44
MERGED from [com.android.support:appcompat-v7:28.0.0] AndroidManifest.xml:20:5-44
MERGED from [com.android.support:cardview-v7:28.0.0] AndroidManifest.xml:20:5-44
MERGED from [com.android.support:cardview-v7:28.0.0] AndroidManifest.xml:20:5-44
MERGED from [com.android.support:support-fragment:28.0.0] AndroidManifest.xml:20:5-44
MERGED from [com.android.support:support-fragment:28.0.0] AndroidManifest.xml:20:5-44
MERGED from [com.android.support:animated-vector-drawable:28.0.0] AndroidManifest.xml:20:5-44
MERGED from [com.android.support:animated-vector-drawable:28.0.0] AndroidManifest.xml:20:5-44
MERGED from [com.android.support:recyclerview-v7:28.0.0] AndroidManifest.xml:20:5-44
MERGED from [com.android.support:recyclerview-v7:28.0.0] AndroidManifest.xml:20:5-44
MERGED from [com.android.support:support-core-ui:28.0.0] AndroidManifest.xml:20:5-44
MERGED from [com.android.support:support-core-ui:28.0.0] AndroidManifest.xml:20:5-44
MERGED from [com.android.support:support-core-utils:28.0.0] AndroidManifest.xml:20:5-44
MERGED from [com.android.support:support-core-utils:28.0.0] AndroidManifest.xml:20:5-44
MERGED from [com.android.support:support-vector-drawable:28.0.0] AndroidManifest.xml:20:5-44
MERGED from [com.android.support:support-vector-drawable:28.0.0] AndroidManifest.xml:20:5-44
MERGED from [com.android.support:transition:28.0.0] AndroidManifest.xml:20:5-44
MERGED from [com.android.support:transition:28.0.0] AndroidManifest.xml:20:5-44
MERGED from [com.android.support:loader:28.0.0] AndroidManifest.xml:20:5-44
MERGED from [com.android.support:loader:28.0.0] AndroidManifest.xml:20:5-44
MERGED from [com.android.support:viewpager:28.0.0] AndroidManifest.xml:20:5-44
MERGED from [com.android.support:viewpager:28.0.0] AndroidManifest.xml:20:5-44
MERGED from [com.android.support:coordinatorlayout:28.0.0] AndroidManifest.xml:20:5-44
MERGED from [com.android.support:coordinatorlayout:28.0.0] AndroidManifest.xml:20:5-44
MERGED from [com.android.support:drawerlayout:28.0.0] AndroidManifest.xml:20:5-44
MERGED from [com.android.support:drawerlayout:28.0.0] AndroidManifest.xml:20:5-44
MERGED from [com.android.support:slidingpanelayout:28.0.0] AndroidManifest.xml:20:5-44
MERGED from [com.android.support:slidingpanelayout:28.0.0] AndroidManifest.xml:20:5-44
MERGED from [com.android.support:customview:28.0.0] AndroidManifest.xml:20:5-44
MERGED from [com.android.support:customview:28.0.0] AndroidManifest.xml:20:5-44
MERGED from [com.android.support:swiperefreshlayout:28.0.0] AndroidManifest.xml:20:5-44
MERGED from [com.android.support:swiperefreshlayout:28.0.0] AndroidManifest.xml:20:5-44
MERGED from [com.android.support:asynclayoutinflater:28.0.0] AndroidManifest.xml:20:5-44
MERGED from [com.android.support:asynclayoutinflater:28.0.0] AndroidManifest.xml:20:5-44
MERGED from [com.android.support:support-compat:28.0.0] AndroidManifest.xml:20:5-44
MERGED from [com.android.support:support-compat:28.0.0] AndroidManifest.xml:20:5-44
MERGED from [com.android.support:versionedparcelable:28.0.0] AndroidManifest.xml:20:5-44
MERGED from [com.android.support:versionedparcelable:28.0.0] AndroidManifest.xml:20:5-44
MERGED from [com.android.support:cursoradapter:28.0.0] AndroidManifest.xml:20:5-44
MERGED from [com.android.support:cursoradapter:28.0.0] AndroidManifest.xml:20:5-44
MERGED from [android.arch.lifecycle:runtime:1.1.1] AndroidManifest.xml:20:5-44
MERGED from [android.arch.lifecycle:runtime:1.1.1] AndroidManifest.xml:20:5-44
MERGED from [com.android.support:documentfile:28.0.0] AndroidManifest.xml:20:5-44
MERGED from [com.android.support:documentfile:28.0.0] AndroidManifest.xml:20:5-44
MERGED from [com.android.support:localbroadcastmanager:28.0.0] AndroidManifest.xml:20:5-44
MERGED from [com.android.support:localbroadcastmanager:28.0.0] AndroidManifest.xml:20:5-44
MERGED from [com.android.support:print:28.0.0] AndroidManifest.xml:20:5-44
MERGED from [com.android.support:print:28.0.0] AndroidManifest.xml:20:5-44
MERGED from [android.arch.lifecycle:viewmodel:1.1.1] AndroidManifest.xml:20:5-44
MERGED from [android.arch.lifecycle:viewmodel:1.1.1] AndroidManifest.xml:20:5-44
MERGED from [com.android.support:interpolator:28.0.0] AndroidManifest.xml:20:5-44
MERGED from [com.android.support:interpolator:28.0.0] AndroidManifest.xml:20:5-44
MERGED from [android.arch.lifecycle:livedata:1.1.1] AndroidManifest.xml:20:5-44
MERGED from [android.arch.lifecycle:livedata:1.1.1] AndroidManifest.xml:20:5-44
MERGED from [android.arch.lifecycle:livedata-core:1.1.1] AndroidManifest.xml:20:5-44
MERGED from [android.arch.lifecycle:livedata-core:1.1.1] AndroidManifest.xml:20:5-44
MERGED from [android.arch.core:runtime:1.1.1] AndroidManifest.xml:20:5-44
MERGED from [android.arch.core:runtime:1.1.1] AndroidManifest.xml:20:5-44
MERGED from [com.google.android.filament:gltfio-android:1.4.5] AndroidManifest.xml:20:5-22:41
MERGED from [com.google.android.filament:gltfio-android:1.4.5] AndroidManifest.xml:20:5-22:41
MERGED from [com.google.android.filament:filament-android:1.4.5] AndroidManifest.xml:5:5-7:41
MERGED from [com.google.android.filament:filament-android:1.4.5] AndroidManifest.xml:5:5-7:41
MERGED from [com.google.ar:core:1.16.0] AndroidManifest.xml:26:5-28:41
MERGED from [com.google.ar:core:1.16.0] AndroidManifest.xml:26:5-28:41
INJECTED from src/main/AndroidManifest.xml
INJECTED from src/main/AndroidManifest.xml
	android:targetSdkVersion
		INJECTED from src/main/AndroidManifest.xml
		ADDED from src/main/AndroidManifest.xml
		INJECTED from src/main/AndroidManifest.xml
	android:minSdkVersion
		INJECTED from src/main/AndroidManifest.xml
		ADDED from src/main/AndroidManifest.xml
		INJECTED from src/main/AndroidManifest.xml
meta-data#com.google.ar.core.min_apk_version
ADDED from [com.google.ar:core:1.16.0] AndroidManifest.xml:33:9-35:41
	android:value
		ADDED from [com.google.ar:core:1.16.0] AndroidManifest.xml:35:13-38
	android:name
		ADDED from [com.google.ar:core:1.16.0] AndroidManifest.xml:34:13-62
activity#com.google.ar.core.InstallActivity
ADDED from [com.google.ar:core:1.16.0] AndroidManifest.xml:37:9-43:80
	android:excludeFromRecents
		ADDED from [com.google.ar:core:1.16.0] AndroidManifest.xml:40:13-46
	android:launchMode
		ADDED from [com.google.ar:core:1.16.0] AndroidManifest.xml:42:13-43
	android:exported
		ADDED from [com.google.ar:core:1.16.0] AndroidManifest.xml:41:13-37
	android:configChanges
		ADDED from [com.google.ar:core:1.16.0] AndroidManifest.xml:39:13-74
	android:theme
		ADDED from [com.google.ar:core:1.16.0] AndroidManifest.xml:43:13-77
	android:name
		ADDED from [com.google.ar:core:1.16.0] AndroidManifest.xml:38:13-62